<?xml version="1.0" encoding="UTF-8"?>
<!-- Generated by org.testng.reporters.JUnitReportReporter -->
<testsuite skipped="0" hostname="DESKTOP-HK6NNLD" name="com.Demoblaze.TestRunner.Signup_TestRunner" tests="1" failures="0" timestamp="2020-04-13T13:52:16 IST" time="27.930" errors="0">
  <testcase name="login" time="27.930" classname="com.Demoblaze.TestRunner.Signup_TestRunner"/>
  <system-out/>
</testsuite> <!-- com.Demoblaze.TestRunner.Signup_TestRunner -->
